Wed Apr 16 07:58:43 EDT 2025: Starting bot...
Wed Apr 16 07:58:43 EDT 2025: Bot started with PID 9699
Wed Apr 16 08:01:35 EDT 2025: Stopping bot...
Wed Apr 16 08:01:35 EDT 2025: Killing process 9699
Wed Apr 16 08:01:37 EDT 2025: Bot stopped
Wed Apr 16 08:01:50 EDT 2025: Starting watchdog mode...
Wed Apr 16 08:01:50 EDT 2025: Starting bot...
Wed Apr 16 08:01:50 EDT 2025: Bot started with PID 10676
Wed Apr 16 08:01:50 EDT 2025: Checking bot status...
Wed Apr 16 08:01:50 EDT 2025: Bot is running with PID 10676
Wed Apr 16 08:02:50 EDT 2025: Checking bot status...
Wed Apr 16 08:02:50 EDT 2025: Bot is running with PID 10676
Wed Apr 16 08:03:50 EDT 2025: Checking bot status...
Wed Apr 16 08:03:50 EDT 2025: Bot is running with PID 10676
Wed Apr 16 08:04:50 EDT 2025: Checking bot status...
Wed Apr 16 08:04:50 EDT 2025: Bot is running with PID 10676
Wed Apr 16 08:05:50 EDT 2025: Checking bot status...
Wed Apr 16 08:05:50 EDT 2025: Bot is running with PID 10676
Wed Apr 16 08:06:50 EDT 2025: Checking bot status...
Wed Apr 16 08:06:50 EDT 2025: Bot is running with PID 10676
Wed Apr 16 08:07:50 EDT 2025: Checking bot status...
Wed Apr 16 08:07:50 EDT 2025: Bot is running with PID 10676
Wed Apr 16 08:08:00 EDT 2025: Stopping bot...
Wed Apr 16 08:08:00 EDT 2025: Killing process 10676
Wed Apr 16 08:08:02 EDT 2025: Bot stopped
Wed Apr 16 08:08:04 EDT 2025: Starting bot...
Wed Apr 16 08:08:04 EDT 2025: Bot started with PID 11764
Wed Apr 16 08:08:50 EDT 2025: Checking bot status...
Wed Apr 16 08:08:50 EDT 2025: Bot is running with PID 11764
