nohup: ignoring input
تم تشغيل خادم الويب للحفاظ على البوت نشطًا
Starting Telegram Bot...
 * Serving Flask app '' (lazy loading)
 * Environment: production
   WARNING: This is a development server. Do not use it in a production deployment.
   Use a production WSGI server instead.
 * Debug mode: off
2025-04-18 18:44:06,343 - utils.error_handlers - INFO - Error handlers registered successfully
2025-04-18 18:44:06,354 - services.posting_service - INFO - Found 0 active posting tasks in database
2025-04-18 18:44:06,354 - services.posting_service - INFO - Restored 0 active posting tasks from database
2025-04-18 18:44:06,354 - services.posting_service - INFO - Found 0 additional active posting tasks in file
2025-04-18 18:44:06,354 - services.posting_service - INFO - Restored 0 additional active posting tasks from file
2025-04-18 18:44:06,355 - services.posting_service - INFO - Database schema check completed
/home/ubuntu/telegram_bot_analysis/extracted/clean_telegram_bot_solution/final_bot_with_readme/handlers/auth_handlers.py:46: PTBUserWarning: If 'per_message=False', 'CallbackQueryHandler' will not be tracked for every message. Read this FAQ entry to learn more about the per_* settings: https://github.com/python-telegram-bot/python-telegram-bot/wiki/Frequently-Asked-Questions#what-do-the-per_-settings-in-conversationhandler-do.
  login_conv_handler = ConversationHandler(
/home/ubuntu/telegram_bot_analysis/extracted/clean_telegram_bot_solution/final_bot_with_readme/handlers/auth_handlers.py:68: PTBUserWarning: If 'per_message=False', 'CallbackQueryHandler' will not be tracked for every message. Read this FAQ entry to learn more about the per_* settings: https://github.com/python-telegram-bot/python-telegram-bot/wiki/Frequently-Asked-Questions#what-do-the-per_-settings-in-conversationhandler-do.
  generate_session_conv_handler = ConversationHandler(
/home/ubuntu/telegram_bot_analysis/extracted/clean_telegram_bot_solution/final_bot_with_readme/handlers/response_handlers.py:28: PTBUserWarning: If 'per_message=False', 'CallbackQueryHandler' will not be tracked for every message. Read this FAQ entry to learn more about the per_* settings: https://github.com/python-telegram-bot/python-telegram-bot/wiki/Frequently-Asked-Questions#what-do-the-per_-settings-in-conversationhandler-do.
  customize_conv_handler = ConversationHandler(
2025-04-18 18:44:06,359 - root - INFO - Bot initialized
2025-04-18 18:44:06,360 - bot - INFO - Starting bot polling...
2025-04-18 18:44:06,362 - services.posting_service - INFO - Saved 0 active posting tasks to database
2025-04-18 18:44:06,362 - services.posting_service - INFO - Saved 0 active posting tasks
2025-04-18 18:44:06,362 - services.posting_service - INFO - Auto-saved active tasks
2025-04-18 18:44:06,642 - httpx - INFO - HTTP Request: POST https://api.telegram.org/bot7792142434:AAGGFqvjkU7b1V4MxYCAHx7jG_ROiDzCViY/getMe "HTTP/1.1 200 OK"
2025-04-18 18:44:06,733 - httpx - INFO - HTTP Request: POST https://api.telegram.org/bot7792142434:AAGGFqvjkU7b1V4MxYCAHx7jG_ROiDzCViY/deleteWebhook "HTTP/1.1 200 OK"
2025-04-18 18:44:06,735 - apscheduler.scheduler - INFO - Scheduler started
2025-04-18 18:44:06,735 - telegram.ext.Application - INFO - Application started
2025-04-18 18:44:17,009 - httpx - INFO - HTTP Request: POST https://api.telegram.org/bot7792142434:AAGGFqvjkU7b1V4MxYCAHx7jG_ROiDzCViY/getUpdates "HTTP/1.1 200 OK"
2025-04-18 18:44:27,100 - httpx - INFO - HTTP Request: POST https://api.telegram.org/bot7792142434:AAGGFqvjkU7b1V4MxYCAHx7jG_ROiDzCViY/getUpdates "HTTP/1.1 200 OK"
2025-04-18 18:44:37,195 - httpx - INFO - HTTP Request: POST https://api.telegram.org/bot7792142434:AAGGFqvjkU7b1V4MxYCAHx7jG_ROiDzCViY/getUpdates "HTTP/1.1 200 OK"
2025-04-18 18:44:47,285 - httpx - INFO - HTTP Request: POST https://api.telegram.org/bot7792142434:AAGGFqvjkU7b1V4MxYCAHx7jG_ROiDzCViY/getUpdates "HTTP/1.1 200 OK"
2025-04-18 18:44:57,377 - httpx - INFO - HTTP Request: POST https://api.telegram.org/bot7792142434:AAGGFqvjkU7b1V4MxYCAHx7jG_ROiDzCViY/getUpdates "HTTP/1.1 200 OK"
2025-04-18 18:45:06,425 - services.posting_service - INFO - Saved 0 active posting tasks to database
2025-04-18 18:45:06,426 - services.posting_service - INFO - Saved 0 active posting tasks
2025-04-18 18:45:06,426 - services.posting_service - INFO - Auto-saved active tasks
2025-04-18 18:45:07,468 - httpx - INFO - HTTP Request: POST https://api.telegram.org/bot7792142434:AAGGFqvjkU7b1V4MxYCAHx7jG_ROiDzCViY/getUpdates "HTTP/1.1 200 OK"
2025-04-18 18:45:17,561 - httpx - INFO - HTTP Request: POST https://api.telegram.org/bot7792142434:AAGGFqvjkU7b1V4MxYCAHx7jG_ROiDzCViY/getUpdates "HTTP/1.1 200 OK"
2025-04-18 18:45:27,653 - httpx - INFO - HTTP Request: POST https://api.telegram.org/bot7792142434:AAGGFqvjkU7b1V4MxYCAHx7jG_ROiDzCViY/getUpdates "HTTP/1.1 200 OK"
2025-04-18 18:45:37,745 - httpx - INFO - HTTP Request: POST https://api.telegram.org/bot7792142434:AAGGFqvjkU7b1V4MxYCAHx7jG_ROiDzCViY/getUpdates "HTTP/1.1 200 OK"
2025-04-18 18:45:47,837 - httpx - INFO - HTTP Request: POST https://api.telegram.org/bot7792142434:AAGGFqvjkU7b1V4MxYCAHx7jG_ROiDzCViY/getUpdates "HTTP/1.1 200 OK"
2025-04-18 18:45:57,929 - httpx - INFO - HTTP Request: POST https://api.telegram.org/bot7792142434:AAGGFqvjkU7b1V4MxYCAHx7jG_ROiDzCViY/getUpdates "HTTP/1.1 200 OK"
2025-04-18 18:46:06,429 - services.posting_service - INFO - Saved 0 active posting tasks to database
2025-04-18 18:46:06,429 - services.posting_service - INFO - Saved 0 active posting tasks
2025-04-18 18:46:06,429 - services.posting_service - INFO - Auto-saved active tasks
2025-04-18 18:46:08,020 - httpx - INFO - HTTP Request: POST https://api.telegram.org/bot7792142434:AAGGFqvjkU7b1V4MxYCAHx7jG_ROiDzCViY/getUpdates "HTTP/1.1 200 OK"
2025-04-18 18:46:18,110 - httpx - INFO - HTTP Request: POST https://api.telegram.org/bot7792142434:AAGGFqvjkU7b1V4MxYCAHx7jG_ROiDzCViY/getUpdates "HTTP/1.1 200 OK"
2025-04-18 18:46:28,201 - httpx - INFO - HTTP Request: POST https://api.telegram.org/bot7792142434:AAGGFqvjkU7b1V4MxYCAHx7jG_ROiDzCViY/getUpdates "HTTP/1.1 200 OK"
2025-04-18 18:46:38,294 - httpx - INFO - HTTP Request: POST https://api.telegram.org/bot7792142434:AAGGFqvjkU7b1V4MxYCAHx7jG_ROiDzCViY/getUpdates "HTTP/1.1 200 OK"
2025-04-18 18:46:48,385 - httpx - INFO - HTTP Request: POST https://api.telegram.org/bot7792142434:AAGGFqvjkU7b1V4MxYCAHx7jG_ROiDzCViY/getUpdates "HTTP/1.1 200 OK"
2025-04-18 18:46:58,477 - httpx - INFO - HTTP Request: POST https://api.telegram.org/bot7792142434:AAGGFqvjkU7b1V4MxYCAHx7jG_ROiDzCViY/getUpdates "HTTP/1.1 200 OK"
2025-04-18 18:47:06,492 - services.posting_service - INFO - Saved 0 active posting tasks to database
2025-04-18 18:47:06,492 - services.posting_service - INFO - Saved 0 active posting tasks
2025-04-18 18:47:06,492 - services.posting_service - INFO - Auto-saved active tasks
2025-04-18 18:47:08,567 - httpx - INFO - HTTP Request: POST https://api.telegram.org/bot7792142434:AAGGFqvjkU7b1V4MxYCAHx7jG_ROiDzCViY/getUpdates "HTTP/1.1 200 OK"
2025-04-18 18:47:18,658 - httpx - INFO - HTTP Request: POST https://api.telegram.org/bot7792142434:AAGGFqvjkU7b1V4MxYCAHx7jG_ROiDzCViY/getUpdates "HTTP/1.1 200 OK"
2025-04-18 18:47:28,749 - httpx - INFO - HTTP Request: POST https://api.telegram.org/bot7792142434:AAGGFqvjkU7b1V4MxYCAHx7jG_ROiDzCViY/getUpdates "HTTP/1.1 200 OK"
2025-04-18 18:47:38,839 - httpx - INFO - HTTP Request: POST https://api.telegram.org/bot7792142434:AAGGFqvjkU7b1V4MxYCAHx7jG_ROiDzCViY/getUpdates "HTTP/1.1 200 OK"
2025-04-18 18:47:48,932 - httpx - INFO - HTTP Request: POST https://api.telegram.org/bot7792142434:AAGGFqvjkU7b1V4MxYCAHx7jG_ROiDzCViY/getUpdates "HTTP/1.1 200 OK"
2025-04-18 18:47:59,027 - httpx - INFO - HTTP Request: POST https://api.telegram.org/bot7792142434:AAGGFqvjkU7b1V4MxYCAHx7jG_ROiDzCViY/getUpdates "HTTP/1.1 200 OK"
2025-04-18 18:48:06,555 - services.posting_service - INFO - Saved 0 active posting tasks to database
2025-04-18 18:48:06,555 - services.posting_service - INFO - Saved 0 active posting tasks
2025-04-18 18:48:06,555 - services.posting_service - INFO - Auto-saved active tasks
2025-04-18 18:48:09,117 - httpx - INFO - HTTP Request: POST https://api.telegram.org/bot7792142434:AAGGFqvjkU7b1V4MxYCAHx7jG_ROiDzCViY/getUpdates "HTTP/1.1 200 OK"
2025-04-18 18:48:19,208 - httpx - INFO - HTTP Request: POST https://api.telegram.org/bot7792142434:AAGGFqvjkU7b1V4MxYCAHx7jG_ROiDzCViY/getUpdates "HTTP/1.1 200 OK"
2025-04-18 18:48:29,301 - httpx - INFO - HTTP Request: POST https://api.telegram.org/bot7792142434:AAGGFqvjkU7b1V4MxYCAHx7jG_ROiDzCViY/getUpdates "HTTP/1.1 200 OK"
2025-04-18 18:48:38,917 - httpx - INFO - HTTP Request: POST https://api.telegram.org/bot7792142434:AAGGFqvjkU7b1V4MxYCAHx7jG_ROiDzCViY/getUpdates "HTTP/1.1 200 OK"
2025-04-18 18:48:39,326 - httpx - INFO - HTTP Request: POST https://api.telegram.org/bot7792142434:AAGGFqvjkU7b1V4MxYCAHx7jG_ROiDzCViY/sendMessage "HTTP/1.1 200 OK"
2025-04-18 18:48:40,945 - httpx - INFO - HTTP Request: POST https://api.telegram.org/bot7792142434:AAGGFqvjkU7b1V4MxYCAHx7jG_ROiDzCViY/getUpdates "HTTP/1.1 200 OK"
2025-04-18 18:48:41,150 - httpx - INFO - HTTP Request: POST https://api.telegram.org/bot7792142434:AAGGFqvjkU7b1V4MxYCAHx7jG_ROiDzCViY/answerCallbackQuery "HTTP/1.1 200 OK"
2025-04-18 18:48:41,403 - httpx - INFO - HTTP Request: POST https://api.telegram.org/bot7792142434:AAGGFqvjkU7b1V4MxYCAHx7jG_ROiDzCViY/editMessageText "HTTP/1.1 200 OK"
2025-04-18 18:48:42,694 - httpx - INFO - HTTP Request: POST https://api.telegram.org/bot7792142434:AAGGFqvjkU7b1V4MxYCAHx7jG_ROiDzCViY/getUpdates "HTTP/1.1 200 OK"
2025-04-18 18:48:42,976 - httpx - INFO - HTTP Request: POST https://api.telegram.org/bot7792142434:AAGGFqvjkU7b1V4MxYCAHx7jG_ROiDzCViY/sendMessage "HTTP/1.1 200 OK"
2025-04-18 18:48:42,978 - telethon.network.mtprotosender - INFO - Connecting to 149.154.175.52:443/TcpFull...
2025-04-18 18:48:43,004 - telethon.network.mtprotosender - INFO - Connection to 149.154.175.52:443/TcpFull complete!
2025-04-18 18:48:43,312 - telethon.network.mtprotosender - INFO - Disconnecting from 149.154.175.52:443/TcpFull...
2025-04-18 18:48:43,313 - telethon.network.mtprotosender - INFO - Disconnection from 149.154.175.52:443/TcpFull complete!
2025-04-18 18:48:43,528 - httpx - INFO - HTTP Request: POST https://api.telegram.org/bot7792142434:AAGGFqvjkU7b1V4MxYCAHx7jG_ROiDzCViY/editMessageText "HTTP/1.1 200 OK"
2025-04-18 18:48:43,529 - handlers.group_handlers - WARNING - Group without ID found: {'id': 2639287234, 'title': 'مراقبه', 'username': 'ksnsisjsjjsjsjs', 'participants_count': 2, 'type': 'supergroup'}
2025-04-18 18:48:43,529 - handlers.group_handlers - WARNING - Group without ID found: {'id': 1703488065, 'title': 'وسيط وسطاء السوق', 'username': 'slomw', 'participants_count': 13013, 'type': 'supergroup'}
2025-04-18 18:48:43,529 - handlers.group_handlers - WARNING - Group without ID found: {'id': 1599134989, 'title': 'شات سلوم | 𝐒𝐋 🇾🇪', 'username': None, 'participants_count': 20519, 'type': 'supergroup'}
2025-04-18 18:48:43,529 - handlers.group_handlers - WARNING - Group without ID found: {'id': 1114176970, 'title': '𝐒8 𝐂𝐇𝐀𝐓', 'username': None, 'participants_count': 1473, 'type': 'supergroup'}
2025-04-18 18:48:43,529 - handlers.group_handlers - WARNING - Group without ID found: {'id': 1894777304, 'title': 'بيع و شراء', 'username': 'KKFKFK8', 'participants_count': 8798, 'type': 'supergroup'}
2025-04-18 18:48:43,529 - handlers.group_handlers - WARNING - Group without ID found: {'id': 2494309531, 'title': 'حسابات ستيم', 'username': 'steamfreem', 'participants_count': 168, 'type': 'supergroup'}
2025-04-18 18:48:43,529 - handlers.group_handlers - WARNING - Group without ID found: {'id': 4787468164, 'title': 'مراقبه', 'username': None, 'participants_count': 0, 'type': 'group'}
2025-04-18 18:48:43,529 - handlers.group_handlers - WARNING - Group without ID found: {'id': 2187519538, 'title': 'وكالة 13', 'username': 'okali13', 'participants_count': 1584, 'type': 'supergroup'}
2025-04-18 18:48:43,748 - httpx - INFO - HTTP Request: POST https://api.telegram.org/bot7792142434:AAGGFqvjkU7b1V4MxYCAHx7jG_ROiDzCViY/sendMessage "HTTP/1.1 200 OK"
2025-04-18 18:48:52,787 - httpx - INFO - HTTP Request: POST https://api.telegram.org/bot7792142434:AAGGFqvjkU7b1V4MxYCAHx7jG_ROiDzCViY/getUpdates "HTTP/1.1 200 OK"
2025-04-18 18:49:02,878 - httpx - INFO - HTTP Request: POST https://api.telegram.org/bot7792142434:AAGGFqvjkU7b1V4MxYCAHx7jG_ROiDzCViY/getUpdates "HTTP/1.1 200 OK"
2025-04-18 18:49:04,514 - httpx - INFO - HTTP Request: POST https://api.telegram.org/bot7792142434:AAGGFqvjkU7b1V4MxYCAHx7jG_ROiDzCViY/getUpdates "HTTP/1.1 200 OK"
2025-04-18 18:49:06,595 - services.posting_service - INFO - Saved 0 active posting tasks to database
2025-04-18 18:49:06,595 - services.posting_service - INFO - Saved 0 active posting tasks
2025-04-18 18:49:06,595 - services.posting_service - INFO - Auto-saved active tasks
2025-04-18 18:49:07,963 - httpx - INFO - HTTP Request: POST https://api.telegram.org/bot7792142434:AAGGFqvjkU7b1V4MxYCAHx7jG_ROiDzCViY/getUpdates "HTTP/1.1 200 OK"
2025-04-18 18:49:08,363 - httpx - INFO - HTTP Request: POST https://api.telegram.org/bot7792142434:AAGGFqvjkU7b1V4MxYCAHx7jG_ROiDzCViY/sendMessage "HTTP/1.1 200 OK"
2025-04-18 18:49:10,773 - httpx - INFO - HTTP Request: POST https://api.telegram.org/bot7792142434:AAGGFqvjkU7b1V4MxYCAHx7jG_ROiDzCViY/getUpdates "HTTP/1.1 200 OK"
2025-04-18 18:49:10,979 - httpx - INFO - HTTP Request: POST https://api.telegram.org/bot7792142434:AAGGFqvjkU7b1V4MxYCAHx7jG_ROiDzCViY/answerCallbackQuery "HTTP/1.1 200 OK"
2025-04-18 18:49:11,193 - httpx - INFO - HTTP Request: POST https://api.telegram.org/bot7792142434:AAGGFqvjkU7b1V4MxYCAHx7jG_ROiDzCViY/editMessageText "HTTP/1.1 200 OK"
2025-04-18 18:49:12,452 - httpx - INFO - HTTP Request: POST https://api.telegram.org/bot7792142434:AAGGFqvjkU7b1V4MxYCAHx7jG_ROiDzCViY/getUpdates "HTTP/1.1 200 OK"
2025-04-18 18:49:12,673 - httpx - INFO - HTTP Request: POST https://api.telegram.org/bot7792142434:AAGGFqvjkU7b1V4MxYCAHx7jG_ROiDzCViY/getUpdates "HTTP/1.1 200 OK"
2025-04-18 18:49:12,878 - httpx - INFO - HTTP Request: POST https://api.telegram.org/bot7792142434:AAGGFqvjkU7b1V4MxYCAHx7jG_ROiDzCViY/answerCallbackQuery "HTTP/1.1 200 OK"
2025-04-18 18:49:13,094 - httpx - INFO - HTTP Request: POST https://api.telegram.org/bot7792142434:AAGGFqvjkU7b1V4MxYCAHx7jG_ROiDzCViY/editMessageText "HTTP/1.1 200 OK"
2025-04-18 18:49:13,159 - httpx - INFO - HTTP Request: POST https://api.telegram.org/bot7792142434:AAGGFqvjkU7b1V4MxYCAHx7jG_ROiDzCViY/getUpdates "HTTP/1.1 200 OK"
2025-04-18 18:49:23,252 - httpx - INFO - HTTP Request: POST https://api.telegram.org/bot7792142434:AAGGFqvjkU7b1V4MxYCAHx7jG_ROiDzCViY/getUpdates "HTTP/1.1 200 OK"
2025-04-18 18:49:33,345 - httpx - INFO - HTTP Request: POST https://api.telegram.org/bot7792142434:AAGGFqvjkU7b1V4MxYCAHx7jG_ROiDzCViY/getUpdates "HTTP/1.1 200 OK"
2025-04-18 18:49:43,434 - httpx - INFO - HTTP Request: POST https://api.telegram.org/bot7792142434:AAGGFqvjkU7b1V4MxYCAHx7jG_ROiDzCViY/getUpdates "HTTP/1.1 200 OK"
2025-04-18 18:49:53,527 - httpx - INFO - HTTP Request: POST https://api.telegram.org/bot7792142434:AAGGFqvjkU7b1V4MxYCAHx7jG_ROiDzCViY/getUpdates "HTTP/1.1 200 OK"
2025-04-18 18:50:03,623 - httpx - INFO - HTTP Request: POST https://api.telegram.org/bot7792142434:AAGGFqvjkU7b1V4MxYCAHx7jG_ROiDzCViY/getUpdates "HTTP/1.1 200 OK"
2025-04-18 18:50:06,658 - services.posting_service - INFO - Saved 0 active posting tasks to database
2025-04-18 18:50:06,659 - services.posting_service - INFO - Saved 0 active posting tasks
2025-04-18 18:50:06,659 - services.posting_service - INFO - Auto-saved active tasks
2025-04-18 18:50:13,714 - httpx - INFO - HTTP Request: POST https://api.telegram.org/bot7792142434:AAGGFqvjkU7b1V4MxYCAHx7jG_ROiDzCViY/getUpdates "HTTP/1.1 200 OK"
2025-04-18 18:50:23,806 - httpx - INFO - HTTP Request: POST https://api.telegram.org/bot7792142434:AAGGFqvjkU7b1V4MxYCAHx7jG_ROiDzCViY/getUpdates "HTTP/1.1 200 OK"
2025-04-18 18:50:33,897 - httpx - INFO - HTTP Request: POST https://api.telegram.org/bot7792142434:AAGGFqvjkU7b1V4MxYCAHx7jG_ROiDzCViY/getUpdates "HTTP/1.1 200 OK"
2025-04-18 18:50:43,991 - httpx - INFO - HTTP Request: POST https://api.telegram.org/bot7792142434:AAGGFqvjkU7b1V4MxYCAHx7jG_ROiDzCViY/getUpdates "HTTP/1.1 200 OK"
2025-04-18 18:50:54,083 - httpx - INFO - HTTP Request: POST https://api.telegram.org/bot7792142434:AAGGFqvjkU7b1V4MxYCAHx7jG_ROiDzCViY/getUpdates "HTTP/1.1 200 OK"
2025-04-18 18:51:04,176 - httpx - INFO - HTTP Request: POST https://api.telegram.org/bot7792142434:AAGGFqvjkU7b1V4MxYCAHx7jG_ROiDzCViY/getUpdates "HTTP/1.1 200 OK"
2025-04-18 18:51:06,683 - services.posting_service - INFO - Saved 0 active posting tasks to database
2025-04-18 18:51:06,683 - services.posting_service - INFO - Saved 0 active posting tasks
2025-04-18 18:51:06,683 - services.posting_service - INFO - Auto-saved active tasks
2025-04-18 18:51:14,268 - httpx - INFO - HTTP Request: POST https://api.telegram.org/bot7792142434:AAGGFqvjkU7b1V4MxYCAHx7jG_ROiDzCViY/getUpdates "HTTP/1.1 200 OK"
2025-04-18 18:51:24,359 - httpx - INFO - HTTP Request: POST https://api.telegram.org/bot7792142434:AAGGFqvjkU7b1V4MxYCAHx7jG_ROiDzCViY/getUpdates "HTTP/1.1 200 OK"
2025-04-18 18:51:34,454 - httpx - INFO - HTTP Request: POST https://api.telegram.org/bot7792142434:AAGGFqvjkU7b1V4MxYCAHx7jG_ROiDzCViY/getUpdates "HTTP/1.1 200 OK"
2025-04-18 18:51:44,543 - httpx - INFO - HTTP Request: POST https://api.telegram.org/bot7792142434:AAGGFqvjkU7b1V4MxYCAHx7jG_ROiDzCViY/getUpdates "HTTP/1.1 200 OK"
2025-04-18 18:51:54,633 - httpx - INFO - HTTP Request: POST https://api.telegram.org/bot7792142434:AAGGFqvjkU7b1V4MxYCAHx7jG_ROiDzCViY/getUpdates "HTTP/1.1 200 OK"
2025-04-18 18:52:04,724 - httpx - INFO - HTTP Request: POST https://api.telegram.org/bot7792142434:AAGGFqvjkU7b1V4MxYCAHx7jG_ROiDzCViY/getUpdates "HTTP/1.1 200 OK"
2025-04-18 18:52:06,746 - services.posting_service - INFO - Saved 0 active posting tasks to database
2025-04-18 18:52:06,746 - services.posting_service - INFO - Saved 0 active posting tasks
2025-04-18 18:52:06,746 - services.posting_service - INFO - Auto-saved active tasks
2025-04-18 18:52:14,815 - httpx - INFO - HTTP Request: POST https://api.telegram.org/bot7792142434:AAGGFqvjkU7b1V4MxYCAHx7jG_ROiDzCViY/getUpdates "HTTP/1.1 200 OK"
2025-04-18 18:52:24,908 - httpx - INFO - HTTP Request: POST https://api.telegram.org/bot7792142434:AAGGFqvjkU7b1V4MxYCAHx7jG_ROiDzCViY/getUpdates "HTTP/1.1 200 OK"
2025-04-18 18:52:35,001 - httpx - INFO - HTTP Request: POST https://api.telegram.org/bot7792142434:AAGGFqvjkU7b1V4MxYCAHx7jG_ROiDzCViY/getUpdates "HTTP/1.1 200 OK"
2025-04-18 18:52:45,092 - httpx - INFO - HTTP Request: POST https://api.telegram.org/bot7792142434:AAGGFqvjkU7b1V4MxYCAHx7jG_ROiDzCViY/getUpdates "HTTP/1.1 200 OK"
2025-04-18 18:52:55,186 - httpx - INFO - HTTP Request: POST https://api.telegram.org/bot7792142434:AAGGFqvjkU7b1V4MxYCAHx7jG_ROiDzCViY/getUpdates "HTTP/1.1 200 OK"
2025-04-18 18:53:05,276 - httpx - INFO - HTTP Request: POST https://api.telegram.org/bot7792142434:AAGGFqvjkU7b1V4MxYCAHx7jG_ROiDzCViY/getUpdates "HTTP/1.1 200 OK"
2025-04-18 18:53:06,774 - services.posting_service - INFO - Saved 0 active posting tasks to database
2025-04-18 18:53:06,774 - services.posting_service - INFO - Saved 0 active posting tasks
2025-04-18 18:53:06,774 - services.posting_service - INFO - Auto-saved active tasks
2025-04-18 18:53:15,367 - httpx - INFO - HTTP Request: POST https://api.telegram.org/bot7792142434:AAGGFqvjkU7b1V4MxYCAHx7jG_ROiDzCViY/getUpdates "HTTP/1.1 200 OK"
2025-04-18 18:53:25,459 - httpx - INFO - HTTP Request: POST https://api.telegram.org/bot7792142434:AAGGFqvjkU7b1V4MxYCAHx7jG_ROiDzCViY/getUpdates "HTTP/1.1 200 OK"
2025-04-18 18:54:03,562 - httpx - INFO - HTTP Request: POST https://api.telegram.org/bot7792142434:AAGGFqvjkU7b1V4MxYCAHx7jG_ROiDzCViY/getUpdates "HTTP/1.1 200 OK"
2025-04-18 18:54:13,654 - httpx - INFO - HTTP Request: POST https://api.telegram.org/bot7792142434:AAGGFqvjkU7b1V4MxYCAHx7jG_ROiDzCViY/getUpdates "HTTP/1.1 200 OK"
2025-04-18 18:54:19,563 - services.posting_service - INFO - Saved 0 active posting tasks to database
2025-04-18 18:54:19,564 - services.posting_service - INFO - Saved 0 active posting tasks
2025-04-18 18:54:19,564 - services.posting_service - INFO - Auto-saved active tasks
2025-04-18 18:54:23,749 - httpx - INFO - HTTP Request: POST https://api.telegram.org/bot7792142434:AAGGFqvjkU7b1V4MxYCAHx7jG_ROiDzCViY/getUpdates "HTTP/1.1 200 OK"
2025-04-18 18:54:33,842 - httpx - INFO - HTTP Request: POST https://api.telegram.org/bot7792142434:AAGGFqvjkU7b1V4MxYCAHx7jG_ROiDzCViY/getUpdates "HTTP/1.1 200 OK"
2025-04-18 18:54:43,939 - httpx - INFO - HTTP Request: POST https://api.telegram.org/bot7792142434:AAGGFqvjkU7b1V4MxYCAHx7jG_ROiDzCViY/getUpdates "HTTP/1.1 200 OK"
2025-04-18 18:54:54,031 - httpx - INFO - HTTP Request: POST https://api.telegram.org/bot7792142434:AAGGFqvjkU7b1V4MxYCAHx7jG_ROiDzCViY/getUpdates "HTTP/1.1 200 OK"
2025-04-18 18:55:04,124 - httpx - INFO - HTTP Request: POST https://api.telegram.org/bot7792142434:AAGGFqvjkU7b1V4MxYCAHx7jG_ROiDzCViY/getUpdates "HTTP/1.1 200 OK"
2025-04-18 18:55:14,215 - httpx - INFO - HTTP Request: POST https://api.telegram.org/bot7792142434:AAGGFqvjkU7b1V4MxYCAHx7jG_ROiDzCViY/getUpdates "HTTP/1.1 200 OK"
2025-04-18 18:55:19,578 - services.posting_service - INFO - Saved 0 active posting tasks to database
2025-04-18 18:55:19,578 - services.posting_service - INFO - Saved 0 active posting tasks
2025-04-18 18:55:19,578 - services.posting_service - INFO - Auto-saved active tasks
2025-04-18 18:55:24,305 - httpx - INFO - HTTP Request: POST https://api.telegram.org/bot7792142434:AAGGFqvjkU7b1V4MxYCAHx7jG_ROiDzCViY/getUpdates "HTTP/1.1 200 OK"
2025-04-18 18:55:34,397 - httpx - INFO - HTTP Request: POST https://api.telegram.org/bot7792142434:AAGGFqvjkU7b1V4MxYCAHx7jG_ROiDzCViY/getUpdates "HTTP/1.1 200 OK"
2025-04-18 18:55:44,491 - httpx - INFO - HTTP Request: POST https://api.telegram.org/bot7792142434:AAGGFqvjkU7b1V4MxYCAHx7jG_ROiDzCViY/getUpdates "HTTP/1.1 200 OK"
2025-04-18 18:55:54,583 - httpx - INFO - HTTP Request: POST https://api.telegram.org/bot7792142434:AAGGFqvjkU7b1V4MxYCAHx7jG_ROiDzCViY/getUpdates "HTTP/1.1 200 OK"
2025-04-18 18:56:04,676 - httpx - INFO - HTTP Request: POST https://api.telegram.org/bot7792142434:AAGGFqvjkU7b1V4MxYCAHx7jG_ROiDzCViY/getUpdates "HTTP/1.1 200 OK"
2025-04-18 18:56:14,771 - httpx - INFO - HTTP Request: POST https://api.telegram.org/bot7792142434:AAGGFqvjkU7b1V4MxYCAHx7jG_ROiDzCViY/getUpdates "HTTP/1.1 200 OK"
2025-04-18 18:56:19,641 - services.posting_service - INFO - Saved 0 active posting tasks to database
2025-04-18 18:56:19,641 - services.posting_service - INFO - Saved 0 active posting tasks
2025-04-18 18:56:19,641 - services.posting_service - INFO - Auto-saved active tasks
2025-04-18 18:56:24,863 - httpx - INFO - HTTP Request: POST https://api.telegram.org/bot7792142434:AAGGFqvjkU7b1V4MxYCAHx7jG_ROiDzCViY/getUpdates "HTTP/1.1 200 OK"
2025-04-18 18:56:34,956 - httpx - INFO - HTTP Request: POST https://api.telegram.org/bot7792142434:AAGGFqvjkU7b1V4MxYCAHx7jG_ROiDzCViY/getUpdates "HTTP/1.1 200 OK"
2025-04-18 18:56:45,050 - httpx - INFO - HTTP Request: POST https://api.telegram.org/bot7792142434:AAGGFqvjkU7b1V4MxYCAHx7jG_ROiDzCViY/getUpdates "HTTP/1.1 200 OK"
2025-04-18 18:56:55,146 - httpx - INFO - HTTP Request: POST https://api.telegram.org/bot7792142434:AAGGFqvjkU7b1V4MxYCAHx7jG_ROiDzCViY/getUpdates "HTTP/1.1 200 OK"
2025-04-18 18:57:05,238 - httpx - INFO - HTTP Request: POST https://api.telegram.org/bot7792142434:AAGGFqvjkU7b1V4MxYCAHx7jG_ROiDzCViY/getUpdates "HTTP/1.1 200 OK"
2025-04-18 18:57:15,330 - httpx - INFO - HTTP Request: POST https://api.telegram.org/bot7792142434:AAGGFqvjkU7b1V4MxYCAHx7jG_ROiDzCViY/getUpdates "HTTP/1.1 200 OK"
2025-04-18 18:57:19,664 - services.posting_service - INFO - Saved 0 active posting tasks to database
2025-04-18 18:57:19,665 - services.posting_service - INFO - Saved 0 active posting tasks
2025-04-18 18:57:19,665 - services.posting_service - INFO - Auto-saved active tasks
2025-04-18 18:57:25,443 - httpx - INFO - HTTP Request: POST https://api.telegram.org/bot7792142434:AAGGFqvjkU7b1V4MxYCAHx7jG_ROiDzCViY/getUpdates "HTTP/1.1 200 OK"
2025-04-18 18:57:35,582 - httpx - INFO - HTTP Request: POST https://api.telegram.org/bot7792142434:AAGGFqvjkU7b1V4MxYCAHx7jG_ROiDzCViY/getUpdates "HTTP/1.1 200 OK"
2025-04-18 18:57:45,677 - httpx - INFO - HTTP Request: POST https://api.telegram.org/bot7792142434:AAGGFqvjkU7b1V4MxYCAHx7jG_ROiDzCViY/getUpdates "HTTP/1.1 200 OK"
2025-04-18 18:57:55,776 - httpx - INFO - HTTP Request: POST https://api.telegram.org/bot7792142434:AAGGFqvjkU7b1V4MxYCAHx7jG_ROiDzCViY/getUpdates "HTTP/1.1 200 OK"
2025-04-18 18:58:05,877 - httpx - INFO - HTTP Request: POST https://api.telegram.org/bot7792142434:AAGGFqvjkU7b1V4MxYCAHx7jG_ROiDzCViY/getUpdates "HTTP/1.1 200 OK"
2025-04-18 18:58:15,977 - httpx - INFO - HTTP Request: POST https://api.telegram.org/bot7792142434:AAGGFqvjkU7b1V4MxYCAHx7jG_ROiDzCViY/getUpdates "HTTP/1.1 200 OK"
2025-04-18 18:58:19,727 - services.posting_service - INFO - Saved 0 active posting tasks to database
2025-04-18 18:58:19,727 - services.posting_service - INFO - Saved 0 active posting tasks
2025-04-18 18:58:19,727 - services.posting_service - INFO - Auto-saved active tasks
2025-04-18 18:58:26,074 - httpx - INFO - HTTP Request: POST https://api.telegram.org/bot7792142434:AAGGFqvjkU7b1V4MxYCAHx7jG_ROiDzCViY/getUpdates "HTTP/1.1 200 OK"
2025-04-18 18:58:36,167 - httpx - INFO - HTTP Request: POST https://api.telegram.org/bot7792142434:AAGGFqvjkU7b1V4MxYCAHx7jG_ROiDzCViY/getUpdates "HTTP/1.1 200 OK"
2025-04-18 18:58:46,258 - httpx - INFO - HTTP Request: POST https://api.telegram.org/bot7792142434:AAGGFqvjkU7b1V4MxYCAHx7jG_ROiDzCViY/getUpdates "HTTP/1.1 200 OK"
2025-04-18 18:58:56,351 - httpx - INFO - HTTP Request: POST https://api.telegram.org/bot7792142434:AAGGFqvjkU7b1V4MxYCAHx7jG_ROiDzCViY/getUpdates "HTTP/1.1 200 OK"
2025-04-18 18:59:06,444 - httpx - INFO - HTTP Request: POST https://api.telegram.org/bot7792142434:AAGGFqvjkU7b1V4MxYCAHx7jG_ROiDzCViY/getUpdates "HTTP/1.1 200 OK"
2025-04-18 18:59:16,540 - httpx - INFO - HTTP Request: POST https://api.telegram.org/bot7792142434:AAGGFqvjkU7b1V4MxYCAHx7jG_ROiDzCViY/getUpdates "HTTP/1.1 200 OK"
2025-04-18 18:59:19,740 - services.posting_service - INFO - Saved 0 active posting tasks to database
2025-04-18 18:59:19,741 - services.posting_service - INFO - Saved 0 active posting tasks
2025-04-18 18:59:19,741 - services.posting_service - INFO - Auto-saved active tasks
2025-04-18 18:59:26,635 - httpx - INFO - HTTP Request: POST https://api.telegram.org/bot7792142434:AAGGFqvjkU7b1V4MxYCAHx7jG_ROiDzCViY/getUpdates "HTTP/1.1 200 OK"
2025-04-18 18:59:36,727 - httpx - INFO - HTTP Request: POST https://api.telegram.org/bot7792142434:AAGGFqvjkU7b1V4MxYCAHx7jG_ROiDzCViY/getUpdates "HTTP/1.1 200 OK"
2025-04-18 18:59:46,819 - httpx - INFO - HTTP Request: POST https://api.telegram.org/bot7792142434:AAGGFqvjkU7b1V4MxYCAHx7jG_ROiDzCViY/getUpdates "HTTP/1.1 200 OK"
2025-04-18 18:59:56,911 - httpx - INFO - HTTP Request: POST https://api.telegram.org/bot7792142434:AAGGFqvjkU7b1V4MxYCAHx7jG_ROiDzCViY/getUpdates "HTTP/1.1 200 OK"
2025-04-18 19:00:07,005 - httpx - INFO - HTTP Request: POST https://api.telegram.org/bot7792142434:AAGGFqvjkU7b1V4MxYCAHx7jG_ROiDzCViY/getUpdates "HTTP/1.1 200 OK"
2025-04-18 19:00:17,098 - httpx - INFO - HTTP Request: POST https://api.telegram.org/bot7792142434:AAGGFqvjkU7b1V4MxYCAHx7jG_ROiDzCViY/getUpdates "HTTP/1.1 200 OK"
2025-04-18 19:00:19,803 - services.posting_service - INFO - Saved 0 active posting tasks to database
2025-04-18 19:00:19,804 - services.posting_service - INFO - Saved 0 active posting tasks
2025-04-18 19:00:19,804 - services.posting_service - INFO - Auto-saved active tasks
2025-04-18 19:00:27,192 - httpx - INFO - HTTP Request: POST https://api.telegram.org/bot7792142434:AAGGFqvjkU7b1V4MxYCAHx7jG_ROiDzCViY/getUpdates "HTTP/1.1 200 OK"
2025-04-18 19:00:37,286 - httpx - INFO - HTTP Request: POST https://api.telegram.org/bot7792142434:AAGGFqvjkU7b1V4MxYCAHx7jG_ROiDzCViY/getUpdates "HTTP/1.1 200 OK"
2025-04-18 19:00:47,379 - httpx - INFO - HTTP Request: POST https://api.telegram.org/bot7792142434:AAGGFqvjkU7b1V4MxYCAHx7jG_ROiDzCViY/getUpdates "HTTP/1.1 200 OK"
2025-04-18 19:00:57,470 - httpx - INFO - HTTP Request: POST https://api.telegram.org/bot7792142434:AAGGFqvjkU7b1V4MxYCAHx7jG_ROiDzCViY/getUpdates "HTTP/1.1 200 OK"
2025-04-18 19:01:07,564 - httpx - INFO - HTTP Request: POST https://api.telegram.org/bot7792142434:AAGGFqvjkU7b1V4MxYCAHx7jG_ROiDzCViY/getUpdates "HTTP/1.1 200 OK"
2025-04-18 19:01:17,659 - httpx - INFO - HTTP Request: POST https://api.telegram.org/bot7792142434:AAGGFqvjkU7b1V4MxYCAHx7jG_ROiDzCViY/getUpdates "HTTP/1.1 200 OK"
2025-04-18 19:01:19,867 - services.posting_service - INFO - Saved 0 active posting tasks to database
2025-04-18 19:01:19,867 - services.posting_service - INFO - Saved 0 active posting tasks
2025-04-18 19:01:19,867 - services.posting_service - INFO - Auto-saved active tasks
2025-04-18 19:01:27,753 - httpx - INFO - HTTP Request: POST https://api.telegram.org/bot7792142434:AAGGFqvjkU7b1V4MxYCAHx7jG_ROiDzCViY/getUpdates "HTTP/1.1 200 OK"
2025-04-18 19:01:37,846 - httpx - INFO - HTTP Request: POST https://api.telegram.org/bot7792142434:AAGGFqvjkU7b1V4MxYCAHx7jG_ROiDzCViY/getUpdates "HTTP/1.1 200 OK"
2025-04-18 19:01:45,188 - httpx - INFO - HTTP Request: POST https://api.telegram.org/bot7792142434:AAGGFqvjkU7b1V4MxYCAHx7jG_ROiDzCViY/getUpdates "HTTP/1.1 409 Conflict"
2025-04-18 19:01:45,189 - telegram.ext.Updater - ERROR - Error while getting Updates: Conflict: terminated by other getUpdates request; make sure that only one bot instance is running
2025-04-18 19:01:45,189 - utils.error_handlers - ERROR - Exception while handling an update:
Traceback (most recent call last):
  File "/usr/local/lib/python3.10/dist-packages/telegram/ext/_updater.py", line 688, in _network_loop_retry
    if not await action_cb():
  File "/usr/local/lib/python3.10/dist-packages/telegram/ext/_updater.py", line 384, in polling_action_cb
    raise exc
  File "/usr/local/lib/python3.10/dist-packages/telegram/ext/_updater.py", line 373, in polling_action_cb
    updates = await self.bot.get_updates(
  File "/usr/local/lib/python3.10/dist-packages/telegram/ext/_extbot.py", line 558, in get_updates
    updates = await super().get_updates(
  File "/usr/local/lib/python3.10/dist-packages/telegram/_bot.py", line 525, in decorator
    result = await func(self, *args, **kwargs)  # skipcq: PYL-E1102
  File "/usr/local/lib/python3.10/dist-packages/telegram/_bot.py", line 3584, in get_updates
    await self._post(
  File "/usr/local/lib/python3.10/dist-packages/telegram/_bot.py", line 613, in _post
    return await self._do_post(
  File "/usr/local/lib/python3.10/dist-packages/telegram/ext/_extbot.py", line 340, in _do_post
    return await super()._do_post(
  File "/usr/local/lib/python3.10/dist-packages/telegram/_bot.py", line 641, in _do_post
    return await request.post(
  File "/usr/local/lib/python3.10/dist-packages/telegram/request/_baserequest.py", line 200, in post
    result = await self._request_wrapper(
  File "/usr/local/lib/python3.10/dist-packages/telegram/request/_baserequest.py", line 381, in _request_wrapper
    raise Conflict(message)
telegram.error.Conflict: Conflict: terminated by other getUpdates request; make sure that only one bot instance is running
2025-04-18 19:01:45,194 - utils.error_handlers - ERROR - Error details: Traceback (most recent call last):
  File "/usr/local/lib/python3.10/dist-packages/telegram/ext/_updater.py", line 688, in _network_loop_retry
    if not await action_cb():
  File "/usr/local/lib/python3.10/dist-packages/telegram/ext/_updater.py", line 384, in polling_action_cb
    raise exc
  File "/usr/local/lib/python3.10/dist-packages/telegram/ext/_updater.py", line 373, in polling_action_cb
    updates = await self.bot.get_updates(
  File "/usr/local/lib/python3.10/dist-packages/telegram/ext/_extbot.py", line 558, in get_updates
    updates = await super().get_updates(
  File "/usr/local/lib/python3.10/dist-packages/telegram/_bot.py", line 525, in decorator
    result = await func(self, *args, **kwargs)  # skipcq: PYL-E1102
  File "/usr/local/lib/python3.10/dist-packages/telegram/_bot.py", line 3584, in get_updates
    await self._post(
  File "/usr/local/lib/python3.10/dist-packages/telegram/_bot.py", line 613, in _post
    return await self._do_post(
  File "/usr/local/lib/python3.10/dist-packages/telegram/ext/_extbot.py", line 340, in _do_post
    return await super()._do_post(
  File "/usr/local/lib/python3.10/dist-packages/telegram/_bot.py", line 641, in _do_post
    return await request.post(
  File "/usr/local/lib/python3.10/dist-packages/telegram/request/_baserequest.py", line 200, in post
    result = await self._request_wrapper(
  File "/usr/local/lib/python3.10/dist-packages/telegram/request/_baserequest.py", line 381, in _request_wrapper
    raise Conflict(message)
telegram.error.Conflict: Conflict: terminated by other getUpdates request; make sure that only one bot instance is running

2025-04-18 19:01:46,927 - httpx - INFO - HTTP Request: POST https://api.telegram.org/bot7792142434:AAGGFqvjkU7b1V4MxYCAHx7jG_ROiDzCViY/getUpdates "HTTP/1.1 200 OK"
2025-04-18 19:01:47,323 - httpx - INFO - HTTP Request: POST https://api.telegram.org/bot7792142434:AAGGFqvjkU7b1V4MxYCAHx7jG_ROiDzCViY/sendMessage "HTTP/1.1 200 OK"
2025-04-18 19:01:47,324 - telethon.network.mtprotosender - INFO - Connecting to 149.154.175.52:443/TcpFull...
2025-04-18 19:01:47,351 - telethon.network.mtprotosender - INFO - Connection to 149.154.175.52:443/TcpFull complete!
2025-04-18 19:01:47,654 - telethon.network.mtprotosender - INFO - Disconnecting from 149.154.175.52:443/TcpFull...
2025-04-18 19:01:47,655 - telethon.network.mtprotosender - INFO - Disconnection from 149.154.175.52:443/TcpFull complete!
2025-04-18 19:01:47,864 - httpx - INFO - HTTP Request: POST https://api.telegram.org/bot7792142434:AAGGFqvjkU7b1V4MxYCAHx7jG_ROiDzCViY/editMessageText "HTTP/1.1 200 OK"
2025-04-18 19:01:47,865 - handlers.group_handlers - WARNING - Group without ID found: {'id': 2639287234, 'title': 'مراقبه', 'username': 'ksnsisjsjjsjsjs', 'participants_count': 2, 'type': 'supergroup'}
2025-04-18 19:01:47,865 - handlers.group_handlers - WARNING - Group without ID found: {'id': 1599134989, 'title': 'شات سلوم | 𝐒𝐋 🇾🇪', 'username': None, 'participants_count': 20522, 'type': 'supergroup'}
2025-04-18 19:01:47,865 - handlers.group_handlers - WARNING - Group without ID found: {'id': 1703488065, 'title': 'وسيط وسطاء السوق', 'username': 'slomw', 'participants_count': 13013, 'type': 'supergroup'}
2025-04-18 19:01:47,865 - handlers.group_handlers - WARNING - Group without ID found: {'id': 1894777304, 'title': 'بيع و شراء', 'username': 'KKFKFK8', 'participants_count': 8798, 'type': 'supergroup'}
2025-04-18 19:01:47,865 - handlers.group_handlers - WARNING - Group without ID found: {'id': 1114176970, 'title': '𝐒8 𝐂𝐇𝐀𝐓', 'username': None, 'participants_count': 1473, 'type': 'supergroup'}
2025-04-18 19:01:47,865 - handlers.group_handlers - WARNING - Group without ID found: {'id': 2494309531, 'title': 'حسابات ستيم', 'username': 'steamfreem', 'participants_count': 168, 'type': 'supergroup'}
2025-04-18 19:01:47,865 - handlers.group_handlers - WARNING - Group without ID found: {'id': 4787468164, 'title': 'مراقبه', 'username': None, 'participants_count': 0, 'type': 'group'}
2025-04-18 19:01:47,865 - handlers.group_handlers - WARNING - Group without ID found: {'id': 2187519538, 'title': 'وكالة 13', 'username': 'okali13', 'participants_count': 1584, 'type': 'supergroup'}
2025-04-18 19:01:48,078 - httpx - INFO - HTTP Request: POST https://api.telegram.org/bot7792142434:AAGGFqvjkU7b1V4MxYCAHx7jG_ROiDzCViY/sendMessage "HTTP/1.1 200 OK"
2025-04-18 19:01:50,378 - httpx - INFO - HTTP Request: POST https://api.telegram.org/bot7792142434:AAGGFqvjkU7b1V4MxYCAHx7jG_ROiDzCViY/getUpdates "HTTP/1.1 409 Conflict"
2025-04-18 19:01:50,379 - telegram.ext.Updater - ERROR - Error while getting Updates: Conflict: terminated by other getUpdates request; make sure that only one bot instance is running
2025-04-18 19:01:50,379 - utils.error_handlers - ERROR - Exception while handling an update:
Traceback (most recent call last):
  File "/usr/local/lib/python3.10/dist-packages/telegram/ext/_updater.py", line 688, in _network_loop_retry
    if not await action_cb():
  File "/usr/local/lib/python3.10/dist-packages/telegram/ext/_updater.py", line 384, in polling_action_cb
    raise exc
  File "/usr/local/lib/python3.10/dist-packages/telegram/ext/_updater.py", line 373, in polling_action_cb
    updates = await self.bot.get_updates(
  File "/usr/local/lib/python3.10/dist-packages/telegram/ext/_extbot.py", line 558, in get_updates
    updates = await super().get_updates(
  File "/usr/local/lib/python3.10/dist-packages/telegram/_bot.py", line 525, in decorator
    result = await func(self, *args, **kwargs)  # skipcq: PYL-E1102
  File "/usr/local/lib/python3.10/dist-packages/telegram/_bot.py", line 3584, in get_updates
    await self._post(
  File "/usr/local/lib/python3.10/dist-packages/telegram/_bot.py", line 613, in _post
    return await self._do_post(
  File "/usr/local/lib/python3.10/dist-packages/telegram/ext/_extbot.py", line 340, in _do_post
    return await super()._do_post(
  File "/usr/local/lib/python3.10/dist-packages/telegram/_bot.py", line 641, in _do_post
    return await request.post(
  File "/usr/local/lib/python3.10/dist-packages/telegram/request/_baserequest.py", line 200, in post
    result = await self._request_wrapper(
  File "/usr/local/lib/python3.10/dist-packages/telegram/request/_baserequest.py", line 381, in _request_wrapper
    raise Conflict(message)
telegram.error.Conflict: Conflict: terminated by other getUpdates request; make sure that only one bot instance is running
2025-04-18 19:01:50,380 - utils.error_handlers - ERROR - Error details: Traceback (most recent call last):
  File "/usr/local/lib/python3.10/dist-packages/telegram/ext/_updater.py", line 688, in _network_loop_retry
    if not await action_cb():
  File "/usr/local/lib/python3.10/dist-packages/telegram/ext/_updater.py", line 384, in polling_action_cb
    raise exc
  File "/usr/local/lib/python3.10/dist-packages/telegram/ext/_updater.py", line 373, in polling_action_cb
    updates = await self.bot.get_updates(
  File "/usr/local/lib/python3.10/dist-packages/telegram/ext/_extbot.py", line 558, in get_updates
    updates = await super().get_updates(
  File "/usr/local/lib/python3.10/dist-packages/telegram/_bot.py", line 525, in decorator
    result = await func(self, *args, **kwargs)  # skipcq: PYL-E1102
  File "/usr/local/lib/python3.10/dist-packages/telegram/_bot.py", line 3584, in get_updates
    await self._post(
  File "/usr/local/lib/python3.10/dist-packages/telegram/_bot.py", line 613, in _post
    return await self._do_post(
  File "/usr/local/lib/python3.10/dist-packages/telegram/ext/_extbot.py", line 340, in _do_post
    return await super()._do_post(
  File "/usr/local/lib/python3.10/dist-packages/telegram/_bot.py", line 641, in _do_post
    return await request.post(
  File "/usr/local/lib/python3.10/dist-packages/telegram/request/_baserequest.py", line 200, in post
    result = await self._request_wrapper(
  File "/usr/local/lib/python3.10/dist-packages/telegram/request/_baserequest.py", line 381, in _request_wrapper
    raise Conflict(message)
telegram.error.Conflict: Conflict: terminated by other getUpdates request; make sure that only one bot instance is running

2025-04-18 19:01:53,551 - httpx - INFO - HTTP Request: POST https://api.telegram.org/bot7792142434:AAGGFqvjkU7b1V4MxYCAHx7jG_ROiDzCViY/getUpdates "HTTP/1.1 200 OK"
2025-04-18 19:01:55,568 - httpx - INFO - HTTP Request: POST https://api.telegram.org/bot7792142434:AAGGFqvjkU7b1V4MxYCAHx7jG_ROiDzCViY/getUpdates "HTTP/1.1 409 Conflict"
2025-04-18 19:01:55,568 - telegram.ext.Updater - ERROR - Error while getting Updates: Conflict: terminated by other getUpdates request; make sure that only one bot instance is running
2025-04-18 19:01:55,568 - utils.error_handlers - ERROR - Exception while handling an update:
Traceback (most recent call last):
  File "/usr/local/lib/python3.10/dist-packages/telegram/ext/_updater.py", line 688, in _network_loop_retry
    if not await action_cb():
  File "/usr/local/lib/python3.10/dist-packages/telegram/ext/_updater.py", line 384, in polling_action_cb
    raise exc
  File "/usr/local/lib/python3.10/dist-packages/telegram/ext/_updater.py", line 373, in polling_action_cb
    updates = await self.bot.get_updates(
  File "/usr/local/lib/python3.10/dist-packages/telegram/ext/_extbot.py", line 558, in get_updates
    updates = await super().get_updates(
  File "/usr/local/lib/python3.10/dist-packages/telegram/_bot.py", line 525, in decorator
    result = await func(self, *args, **kwargs)  # skipcq: PYL-E1102
  File "/usr/local/lib/python3.10/dist-packages/telegram/_bot.py", line 3584, in get_updates
    await self._post(
  File "/usr/local/lib/python3.10/dist-packages/telegram/_bot.py", line 613, in _post
    return await self._do_post(
  File "/usr/local/lib/python3.10/dist-packages/telegram/ext/_extbot.py", line 340, in _do_post
    return await super()._do_post(
  File "/usr/local/lib/python3.10/dist-packages/telegram/_bot.py", line 641, in _do_post
    return await request.post(
  File "/usr/local/lib/python3.10/dist-packages/telegram/request/_baserequest.py", line 200, in post
    result = await self._request_wrapper(
  File "/usr/local/lib/python3.10/dist-packages/telegram/request/_baserequest.py", line 381, in _request_wrapper
    raise Conflict(message)
telegram.error.Conflict: Conflict: terminated by other getUpdates request; make sure that only one bot instance is running
2025-04-18 19:01:55,569 - utils.error_handlers - ERROR - Error details: Traceback (most recent call last):
  File "/usr/local/lib/python3.10/dist-packages/telegram/ext/_updater.py", line 688, in _network_loop_retry
    if not await action_cb():
  File "/usr/local/lib/python3.10/dist-packages/telegram/ext/_updater.py", line 384, in polling_action_cb
    raise exc
  File "/usr/local/lib/python3.10/dist-packages/telegram/ext/_updater.py", line 373, in polling_action_cb
    updates = await self.bot.get_updates(
  File "/usr/local/lib/python3.10/dist-packages/telegram/ext/_extbot.py", line 558, in get_updates
    updates = await super().get_updates(
  File "/usr/local/lib/python3.10/dist-packages/telegram/_bot.py", line 525, in decorator
    result = await func(self, *args, **kwargs)  # skipcq: PYL-E1102
  File "/usr/local/lib/python3.10/dist-packages/telegram/_bot.py", line 3584, in get_updates
    await self._post(
  File "/usr/local/lib/python3.10/dist-packages/telegram/_bot.py", line 613, in _post
    return await self._do_post(
  File "/usr/local/lib/python3.10/dist-packages/telegram/ext/_extbot.py", line 340, in _do_post
    return await super()._do_post(
  File "/usr/local/lib/python3.10/dist-packages/telegram/_bot.py", line 641, in _do_post
    return await request.post(
  File "/usr/local/lib/python3.10/dist-packages/telegram/request/_baserequest.py", line 200, in post
    result = await self._request_wrapper(
  File "/usr/local/lib/python3.10/dist-packages/telegram/request/_baserequest.py", line 381, in _request_wrapper
    raise Conflict(message)
telegram.error.Conflict: Conflict: terminated by other getUpdates request; make sure that only one bot instance is running

2025-04-18 19:02:02,966 - httpx - INFO - HTTP Request: POST https://api.telegram.org/bot7792142434:AAGGFqvjkU7b1V4MxYCAHx7jG_ROiDzCViY/getUpdates "HTTP/1.1 200 OK"
2025-04-18 19:02:03,358 - httpx - INFO - HTTP Request: POST https://api.telegram.org/bot7792142434:AAGGFqvjkU7b1V4MxYCAHx7jG_ROiDzCViY/sendMessage "HTTP/1.1 200 OK"
2025-04-18 19:02:05,345 - httpx - INFO - HTTP Request: POST https://api.telegram.org/bot7792142434:AAGGFqvjkU7b1V4MxYCAHx7jG_ROiDzCViY/getUpdates "HTTP/1.1 200 OK"
2025-04-18 19:02:15,438 - httpx - INFO - HTTP Request: POST https://api.telegram.org/bot7792142434:AAGGFqvjkU7b1V4MxYCAHx7jG_ROiDzCViY/getUpdates "HTTP/1.1 200 OK"
2025-04-18 19:02:19,889 - services.posting_service - INFO - Saved 0 active posting tasks to database
2025-04-18 19:02:19,889 - services.posting_service - INFO - Saved 0 active posting tasks
2025-04-18 19:02:19,889 - services.posting_service - INFO - Auto-saved active tasks
2025-04-18 19:02:25,530 - httpx - INFO - HTTP Request: POST https://api.telegram.org/bot7792142434:AAGGFqvjkU7b1V4MxYCAHx7jG_ROiDzCViY/getUpdates "HTTP/1.1 200 OK"
2025-04-18 19:02:35,619 - httpx - INFO - HTTP Request: POST https://api.telegram.org/bot7792142434:AAGGFqvjkU7b1V4MxYCAHx7jG_ROiDzCViY/getUpdates "HTTP/1.1 200 OK"
2025-04-18 19:02:45,712 - httpx - INFO - HTTP Request: POST https://api.telegram.org/bot7792142434:AAGGFqvjkU7b1V4MxYCAHx7jG_ROiDzCViY/getUpdates "HTTP/1.1 200 OK"
2025-04-18 19:02:46,646 - httpx - INFO - HTTP Request: POST https://api.telegram.org/bot7792142434:AAGGFqvjkU7b1V4MxYCAHx7jG_ROiDzCViY/getUpdates "HTTP/1.1 409 Conflict"
2025-04-18 19:02:46,647 - telegram.ext.Updater - ERROR - Error while getting Updates: Conflict: terminated by other getUpdates request; make sure that only one bot instance is running
2025-04-18 19:02:46,647 - utils.error_handlers - ERROR - Exception while handling an update:
Traceback (most recent call last):
  File "/usr/local/lib/python3.10/dist-packages/telegram/ext/_updater.py", line 688, in _network_loop_retry
    if not await action_cb():
  File "/usr/local/lib/python3.10/dist-packages/telegram/ext/_updater.py", line 384, in polling_action_cb
    raise exc
  File "/usr/local/lib/python3.10/dist-packages/telegram/ext/_updater.py", line 373, in polling_action_cb
    updates = await self.bot.get_updates(
  File "/usr/local/lib/python3.10/dist-packages/telegram/ext/_extbot.py", line 558, in get_updates
    updates = await super().get_updates(
  File "/usr/local/lib/python3.10/dist-packages/telegram/_bot.py", line 525, in decorator
    result = await func(self, *args, **kwargs)  # skipcq: PYL-E1102
  File "/usr/local/lib/python3.10/dist-packages/telegram/_bot.py", line 3584, in get_updates
    await self._post(
  File "/usr/local/lib/python3.10/dist-packages/telegram/_bot.py", line 613, in _post
    return await self._do_post(
  File "/usr/local/lib/python3.10/dist-packages/telegram/ext/_extbot.py", line 340, in _do_post
    return await super()._do_post(
  File "/usr/local/lib/python3.10/dist-packages/telegram/_bot.py", line 641, in _do_post
    return await request.post(
  File "/usr/local/lib/python3.10/dist-packages/telegram/request/_baserequest.py", line 200, in post
    result = await self._request_wrapper(
  File "/usr/local/lib/python3.10/dist-packages/telegram/request/_baserequest.py", line 381, in _request_wrapper
    raise Conflict(message)
telegram.error.Conflict: Conflict: terminated by other getUpdates request; make sure that only one bot instance is running
2025-04-18 19:02:46,647 - utils.error_handlers - ERROR - Error details: Traceback (most recent call last):
  File "/usr/local/lib/python3.10/dist-packages/telegram/ext/_updater.py", line 688, in _network_loop_retry
    if not await action_cb():
  File "/usr/local/lib/python3.10/dist-packages/telegram/ext/_updater.py", line 384, in polling_action_cb
    raise exc
  File "/usr/local/lib/python3.10/dist-packages/telegram/ext/_updater.py", line 373, in polling_action_cb
    updates = await self.bot.get_updates(
  File "/usr/local/lib/python3.10/dist-packages/telegram/ext/_extbot.py", line 558, in get_updates
    updates = await super().get_updates(
  File "/usr/local/lib/python3.10/dist-packages/telegram/_bot.py", line 525, in decorator
    result = await func(self, *args, **kwargs)  # skipcq: PYL-E1102
  File "/usr/local/lib/python3.10/dist-packages/telegram/_bot.py", line 3584, in get_updates
    await self._post(
  File "/usr/local/lib/python3.10/dist-packages/telegram/_bot.py", line 613, in _post
    return await self._do_post(
  File "/usr/local/lib/python3.10/dist-packages/telegram/ext/_extbot.py", line 340, in _do_post
    return await super()._do_post(
  File "/usr/local/lib/python3.10/dist-packages/telegram/_bot.py", line 641, in _do_post
    return await request.post(
  File "/usr/local/lib/python3.10/dist-packages/telegram/request/_baserequest.py", line 200, in post
    result = await self._request_wrapper(
  File "/usr/local/lib/python3.10/dist-packages/telegram/request/_baserequest.py", line 381, in _request_wrapper
    raise Conflict(message)
telegram.error.Conflict: Conflict: terminated by other getUpdates request; make sure that only one bot instance is running

2025-04-18 19:02:51,835 - httpx - INFO - HTTP Request: POST https://api.telegram.org/bot7792142434:AAGGFqvjkU7b1V4MxYCAHx7jG_ROiDzCViY/getUpdates "HTTP/1.1 409 Conflict"
2025-04-18 19:02:51,836 - telegram.ext.Updater - ERROR - Error while getting Updates: Conflict: terminated by other getUpdates request; make sure that only one bot instance is running
2025-04-18 19:02:51,836 - utils.error_handlers - ERROR - Exception while handling an update:
Traceback (most recent call last):
  File "/usr/local/lib/python3.10/dist-packages/telegram/ext/_updater.py", line 688, in _network_loop_retry
    if not await action_cb():
  File "/usr/local/lib/python3.10/dist-packages/telegram/ext/_updater.py", line 384, in polling_action_cb
    raise exc
  File "/usr/local/lib/python3.10/dist-packages/telegram/ext/_updater.py", line 373, in polling_action_cb
    updates = await self.bot.get_updates(
  File "/usr/local/lib/python3.10/dist-packages/telegram/ext/_extbot.py", line 558, in get_updates
    updates = await super().get_updates(
  File "/usr/local/lib/python3.10/dist-packages/telegram/_bot.py", line 525, in decorator
    result = await func(self, *args, **kwargs)  # skipcq: PYL-E1102
  File "/usr/local/lib/python3.10/dist-packages/telegram/_bot.py", line 3584, in get_updates
    await self._post(
  File "/usr/local/lib/python3.10/dist-packages/telegram/_bot.py", line 613, in _post
    return await self._do_post(
  File "/usr/local/lib/python3.10/dist-packages/telegram/ext/_extbot.py", line 340, in _do_post
    return await super()._do_post(
  File "/usr/local/lib/python3.10/dist-packages/telegram/_bot.py", line 641, in _do_post
    return await request.post(
  File "/usr/local/lib/python3.10/dist-packages/telegram/request/_baserequest.py", line 200, in post
    result = await self._request_wrapper(
  File "/usr/local/lib/python3.10/dist-packages/telegram/request/_baserequest.py", line 381, in _request_wrapper
    raise Conflict(message)
telegram.error.Conflict: Conflict: terminated by other getUpdates request; make sure that only one bot instance is running
2025-04-18 19:02:51,836 - utils.error_handlers - ERROR - Error details: Traceback (most recent call last):
  File "/usr/local/lib/python3.10/dist-packages/telegram/ext/_updater.py", line 688, in _network_loop_retry
    if not await action_cb():
  File "/usr/local/lib/python3.10/dist-packages/telegram/ext/_updater.py", line 384, in polling_action_cb
    raise exc
  File "/usr/local/lib/python3.10/dist-packages/telegram/ext/_updater.py", line 373, in polling_action_cb
    updates = await self.bot.get_updates(
  File "/usr/local/lib/python3.10/dist-packages/telegram/ext/_extbot.py", line 558, in get_updates
    updates = await super().get_updates(
  File "/usr/local/lib/python3.10/dist-packages/telegram/_bot.py", line 525, in decorator
    result = await func(self, *args, **kwargs)  # skipcq: PYL-E1102
  File "/usr/local/lib/python3.10/dist-packages/telegram/_bot.py", line 3584, in get_updates
    await self._post(
  File "/usr/local/lib/python3.10/dist-packages/telegram/_bot.py", line 613, in _post
    return await self._do_post(
  File "/usr/local/lib/python3.10/dist-packages/telegram/ext/_extbot.py", line 340, in _do_post
    return await super()._do_post(
  File "/usr/local/lib/python3.10/dist-packages/telegram/_bot.py", line 641, in _do_post
    return await request.post(
  File "/usr/local/lib/python3.10/dist-packages/telegram/request/_baserequest.py", line 200, in post
    result = await self._request_wrapper(
  File "/usr/local/lib/python3.10/dist-packages/telegram/request/_baserequest.py", line 381, in _request_wrapper
    raise Conflict(message)
telegram.error.Conflict: Conflict: terminated by other getUpdates request; make sure that only one bot instance is running

2025-04-18 19:02:58,027 - httpx - INFO - HTTP Request: POST https://api.telegram.org/bot7792142434:AAGGFqvjkU7b1V4MxYCAHx7jG_ROiDzCViY/getUpdates "HTTP/1.1 409 Conflict"
2025-04-18 19:02:58,028 - telegram.ext.Updater - ERROR - Error while getting Updates: Conflict: terminated by other getUpdates request; make sure that only one bot instance is running
2025-04-18 19:02:58,028 - utils.error_handlers - ERROR - Exception while handling an update:
Traceback (most recent call last):
  File "/usr/local/lib/python3.10/dist-packages/telegram/ext/_updater.py", line 688, in _network_loop_retry
    if not await action_cb():
  File "/usr/local/lib/python3.10/dist-packages/telegram/ext/_updater.py", line 384, in polling_action_cb
    raise exc
  File "/usr/local/lib/python3.10/dist-packages/telegram/ext/_updater.py", line 373, in polling_action_cb
    updates = await self.bot.get_updates(
  File "/usr/local/lib/python3.10/dist-packages/telegram/ext/_extbot.py", line 558, in get_updates
    updates = await super().get_updates(
  File "/usr/local/lib/python3.10/dist-packages/telegram/_bot.py", line 525, in decorator
    result = await func(self, *args, **kwargs)  # skipcq: PYL-E1102
  File "/usr/local/lib/python3.10/dist-packages/telegram/_bot.py", line 3584, in get_updates
    await self._post(
  File "/usr/local/lib/python3.10/dist-packages/telegram/_bot.py", line 613, in _post
    return await self._do_post(
  File "/usr/local/lib/python3.10/dist-packages/telegram/ext/_extbot.py", line 340, in _do_post
    return await super()._do_post(
  File "/usr/local/lib/python3.10/dist-packages/telegram/_bot.py", line 641, in _do_post
    return await request.post(
  File "/usr/local/lib/python3.10/dist-packages/telegram/request/_baserequest.py", line 200, in post
    result = await self._request_wrapper(
  File "/usr/local/lib/python3.10/dist-packages/telegram/request/_baserequest.py", line 381, in _request_wrapper
    raise Conflict(message)
telegram.error.Conflict: Conflict: terminated by other getUpdates request; make sure that only one bot instance is running
2025-04-18 19:02:58,029 - utils.error_handlers - ERROR - Error details: Traceback (most recent call last):
  File "/usr/local/lib/python3.10/dist-packages/telegram/ext/_updater.py", line 688, in _network_loop_retry
    if not await action_cb():
  File "/usr/local/lib/python3.10/dist-packages/telegram/ext/_updater.py", line 384, in polling_action_cb
    raise exc
  File "/usr/local/lib/python3.10/dist-packages/telegram/ext/_updater.py", line 373, in polling_action_cb
    updates = await self.bot.get_updates(
  File "/usr/local/lib/python3.10/dist-packages/telegram/ext/_extbot.py", line 558, in get_updates
    updates = await super().get_updates(
  File "/usr/local/lib/python3.10/dist-packages/telegram/_bot.py", line 525, in decorator
    result = await func(self, *args, **kwargs)  # skipcq: PYL-E1102
  File "/usr/local/lib/python3.10/dist-packages/telegram/_bot.py", line 3584, in get_updates
    await self._post(
  File "/usr/local/lib/python3.10/dist-packages/telegram/_bot.py", line 613, in _post
    return await self._do_post(
  File "/usr/local/lib/python3.10/dist-packages/telegram/ext/_extbot.py", line 340, in _do_post
    return await super()._do_post(
  File "/usr/local/lib/python3.10/dist-packages/telegram/_bot.py", line 641, in _do_post
    return await request.post(
  File "/usr/local/lib/python3.10/dist-packages/telegram/request/_baserequest.py", line 200, in post
    result = await self._request_wrapper(
  File "/usr/local/lib/python3.10/dist-packages/telegram/request/_baserequest.py", line 381, in _request_wrapper
    raise Conflict(message)
telegram.error.Conflict: Conflict: terminated by other getUpdates request; make sure that only one bot instance is running

2025-04-18 19:03:05,719 - httpx - INFO - HTTP Request: POST https://api.telegram.org/bot7792142434:AAGGFqvjkU7b1V4MxYCAHx7jG_ROiDzCViY/getUpdates "HTTP/1.1 409 Conflict"
2025-04-18 19:03:05,720 - telegram.ext.Updater - ERROR - Error while getting Updates: Conflict: terminated by other getUpdates request; make sure that only one bot instance is running
2025-04-18 19:03:05,720 - utils.error_handlers - ERROR - Exception while handling an update:
Traceback (most recent call last):
  File "/usr/local/lib/python3.10/dist-packages/telegram/ext/_updater.py", line 688, in _network_loop_retry
    if not await action_cb():
  File "/usr/local/lib/python3.10/dist-packages/telegram/ext/_updater.py", line 384, in polling_action_cb
    raise exc
  File "/usr/local/lib/python3.10/dist-packages/telegram/ext/_updater.py", line 373, in polling_action_cb
    updates = await self.bot.get_updates(
  File "/usr/local/lib/python3.10/dist-packages/telegram/ext/_extbot.py", line 558, in get_updates
    updates = await super().get_updates(
  File "/usr/local/lib/python3.10/dist-packages/telegram/_bot.py", line 525, in decorator
    result = await func(self, *args, **kwargs)  # skipcq: PYL-E1102
  File "/usr/local/lib/python3.10/dist-packages/telegram/_bot.py", line 3584, in get_updates
    await self._post(
  File "/usr/local/lib/python3.10/dist-packages/telegram/_bot.py", line 613, in _post
    return await self._do_post(
  File "/usr/local/lib/python3.10/dist-packages/telegram/ext/_extbot.py", line 340, in _do_post
    return await super()._do_post(
  File "/usr/local/lib/python3.10/dist-packages/telegram/_bot.py", line 641, in _do_post
    return await request.post(
  File "/usr/local/lib/python3.10/dist-packages/telegram/request/_baserequest.py", line 200, in post
    result = await self._request_wrapper(
  File "/usr/local/lib/python3.10/dist-packages/telegram/request/_baserequest.py", line 381, in _request_wrapper
    raise Conflict(message)
telegram.error.Conflict: Conflict: terminated by other getUpdates request; make sure that only one bot instance is running
2025-04-18 19:03:05,720 - utils.error_handlers - ERROR - Error details: Traceback (most recent call last):
  File "/usr/local/lib/python3.10/dist-packages/telegram/ext/_updater.py", line 688, in _network_loop_retry
    if not await action_cb():
  File "/usr/local/lib/python3.10/dist-packages/telegram/ext/_updater.py", line 384, in polling_action_cb
    raise exc
  File "/usr/local/lib/python3.10/dist-packages/telegram/ext/_updater.py", line 373, in polling_action_cb
    updates = await self.bot.get_updates(
  File "/usr/local/lib/python3.10/dist-packages/telegram/ext/_extbot.py", line 558, in get_updates
    updates = await super().get_updates(
  File "/usr/local/lib/python3.10/dist-packages/telegram/_bot.py", line 525, in decorator
    result = await func(self, *args, **kwargs)  # skipcq: PYL-E1102
  File "/usr/local/lib/python3.10/dist-packages/telegram/_bot.py", line 3584, in get_updates
    await self._post(
  File "/usr/local/lib/python3.10/dist-packages/telegram/_bot.py", line 613, in _post
    return await self._do_post(
  File "/usr/local/lib/python3.10/dist-packages/telegram/ext/_extbot.py", line 340, in _do_post
    return await super()._do_post(
  File "/usr/local/lib/python3.10/dist-packages/telegram/_bot.py", line 641, in _do_post
    return await request.post(
  File "/usr/local/lib/python3.10/dist-packages/telegram/request/_baserequest.py", line 200, in post
    result = await self._request_wrapper(
  File "/usr/local/lib/python3.10/dist-packages/telegram/request/_baserequest.py", line 381, in _request_wrapper
    raise Conflict(message)
telegram.error.Conflict: Conflict: terminated by other getUpdates request; make sure that only one bot instance is running

2025-04-18 19:03:12,659 - httpx - INFO - HTTP Request: POST https://api.telegram.org/bot7792142434:AAGGFqvjkU7b1V4MxYCAHx7jG_ROiDzCViY/getUpdates "HTTP/1.1 409 Conflict"
2025-04-18 19:03:12,659 - telegram.ext.Updater - ERROR - Error while getting Updates: Conflict: terminated by other getUpdates request; make sure that only one bot instance is running
2025-04-18 19:03:12,660 - utils.error_handlers - ERROR - Exception while handling an update:
Traceback (most recent call last):
  File "/usr/local/lib/python3.10/dist-packages/telegram/ext/_updater.py", line 688, in _network_loop_retry
    if not await action_cb():
  File "/usr/local/lib/python3.10/dist-packages/telegram/ext/_updater.py", line 384, in polling_action_cb
    raise exc
  File "/usr/local/lib/python3.10/dist-packages/telegram/ext/_updater.py", line 373, in polling_action_cb
    updates = await self.bot.get_updates(
  File "/usr/local/lib/python3.10/dist-packages/telegram/ext/_extbot.py", line 558, in get_updates
    updates = await super().get_updates(
  File "/usr/local/lib/python3.10/dist-packages/telegram/_bot.py", line 525, in decorator
    result = await func(self, *args, **kwargs)  # skipcq: PYL-E1102
  File "/usr/local/lib/python3.10/dist-packages/telegram/_bot.py", line 3584, in get_updates
    await self._post(
  File "/usr/local/lib/python3.10/dist-packages/telegram/_bot.py", line 613, in _post
    return await self._do_post(
  File "/usr/local/lib/python3.10/dist-packages/telegram/ext/_extbot.py", line 340, in _do_post
    return await super()._do_post(
  File "/usr/local/lib/python3.10/dist-packages/telegram/_bot.py", line 641, in _do_post
    return await request.post(
  File "/usr/local/lib/python3.10/dist-packages/telegram/request/_baserequest.py", line 200, in post
    result = await self._request_wrapper(
  File "/usr/local/lib/python3.10/dist-packages/telegram/request/_baserequest.py", line 381, in _request_wrapper
    raise Conflict(message)
telegram.error.Conflict: Conflict: terminated by other getUpdates request; make sure that only one bot instance is running
2025-04-18 19:03:12,660 - utils.error_handlers - ERROR - Error details: Traceback (most recent call last):
  File "/usr/local/lib/python3.10/dist-packages/telegram/ext/_updater.py", line 688, in _network_loop_retry
    if not await action_cb():
  File "/usr/local/lib/python3.10/dist-packages/telegram/ext/_updater.py", line 384, in polling_action_cb
    raise exc
  File "/usr/local/lib/python3.10/dist-packages/telegram/ext/_updater.py", line 373, in polling_action_cb
    updates = await self.bot.get_updates(
  File "/usr/local/lib/python3.10/dist-packages/telegram/ext/_extbot.py", line 558, in get_updates
    updates = await super().get_updates(
  File "/usr/local/lib/python3.10/dist-packages/telegram/_bot.py", line 525, in decorator
    result = await func(self, *args, **kwargs)  # skipcq: PYL-E1102
  File "/usr/local/lib/python3.10/dist-packages/telegram/_bot.py", line 3584, in get_updates
    await self._post(
  File "/usr/local/lib/python3.10/dist-packages/telegram/_bot.py", line 613, in _post
    return await self._do_post(
  File "/usr/local/lib/python3.10/dist-packages/telegram/ext/_extbot.py", line 340, in _do_post
    return await super()._do_post(
  File "/usr/local/lib/python3.10/dist-packages/telegram/_bot.py", line 641, in _do_post
    return await request.post(
  File "/usr/local/lib/python3.10/dist-packages/telegram/request/_baserequest.py", line 200, in post
    result = await self._request_wrapper(
  File "/usr/local/lib/python3.10/dist-packages/telegram/request/_baserequest.py", line 381, in _request_wrapper
    raise Conflict(message)
telegram.error.Conflict: Conflict: terminated by other getUpdates request; make sure that only one bot instance is running

2025-04-18 19:03:19,939 - services.posting_service - INFO - Saved 0 active posting tasks to database
2025-04-18 19:03:19,940 - services.posting_service - INFO - Saved 0 active posting tasks
2025-04-18 19:03:19,940 - services.posting_service - INFO - Auto-saved active tasks
2025-04-18 19:03:23,355 - httpx - INFO - HTTP Request: POST https://api.telegram.org/bot7792142434:AAGGFqvjkU7b1V4MxYCAHx7jG_ROiDzCViY/getUpdates "HTTP/1.1 409 Conflict"
2025-04-18 19:03:23,356 - telegram.ext.Updater - ERROR - Error while getting Updates: Conflict: terminated by other getUpdates request; make sure that only one bot instance is running
2025-04-18 19:03:23,356 - utils.error_handlers - ERROR - Exception while handling an update:
Traceback (most recent call last):
  File "/usr/local/lib/python3.10/dist-packages/telegram/ext/_updater.py", line 688, in _network_loop_retry
    if not await action_cb():
  File "/usr/local/lib/python3.10/dist-packages/telegram/ext/_updater.py", line 384, in polling_action_cb
    raise exc
  File "/usr/local/lib/python3.10/dist-packages/telegram/ext/_updater.py", line 373, in polling_action_cb
    updates = await self.bot.get_updates(
  File "/usr/local/lib/python3.10/dist-packages/telegram/ext/_extbot.py", line 558, in get_updates
    updates = await super().get_updates(
  File "/usr/local/lib/python3.10/dist-packages/telegram/_bot.py", line 525, in decorator
    result = await func(self, *args, **kwargs)  # skipcq: PYL-E1102
  File "/usr/local/lib/python3.10/dist-packages/telegram/_bot.py", line 3584, in get_updates
    await self._post(
  File "/usr/local/lib/python3.10/dist-packages/telegram/_bot.py", line 613, in _post
    return await self._do_post(
  File "/usr/local/lib/python3.10/dist-packages/telegram/ext/_extbot.py", line 340, in _do_post
    return await super()._do_post(
  File "/usr/local/lib/python3.10/dist-packages/telegram/_bot.py", line 641, in _do_post
    return await request.post(
  File "/usr/local/lib/python3.10/dist-packages/telegram/request/_baserequest.py", line 200, in post
    result = await self._request_wrapper(
  File "/usr/local/lib/python3.10/dist-packages/telegram/request/_baserequest.py", line 381, in _request_wrapper
    raise Conflict(message)
telegram.error.Conflict: Conflict: terminated by other getUpdates request; make sure that only one bot instance is running
2025-04-18 19:03:23,356 - utils.error_handlers - ERROR - Error details: Traceback (most recent call last):
  File "/usr/local/lib/python3.10/dist-packages/telegram/ext/_updater.py", line 688, in _network_loop_retry
    if not await action_cb():
  File "/usr/local/lib/python3.10/dist-packages/telegram/ext/_updater.py", line 384, in polling_action_cb
    raise exc
  File "/usr/local/lib/python3.10/dist-packages/telegram/ext/_updater.py", line 373, in polling_action_cb
    updates = await self.bot.get_updates(
  File "/usr/local/lib/python3.10/dist-packages/telegram/ext/_extbot.py", line 558, in get_updates
    updates = await super().get_updates(
  File "/usr/local/lib/python3.10/dist-packages/telegram/_bot.py", line 525, in decorator
    result = await func(self, *args, **kwargs)  # skipcq: PYL-E1102
  File "/usr/local/lib/python3.10/dist-packages/telegram/_bot.py", line 3584, in get_updates
    await self._post(
  File "/usr/local/lib/python3.10/dist-packages/telegram/_bot.py", line 613, in _post
    return await self._do_post(
  File "/usr/local/lib/python3.10/dist-packages/telegram/ext/_extbot.py", line 340, in _do_post
    return await super()._do_post(
  File "/usr/local/lib/python3.10/dist-packages/telegram/_bot.py", line 641, in _do_post
    return await request.post(
  File "/usr/local/lib/python3.10/dist-packages/telegram/request/_baserequest.py", line 200, in post
    result = await self._request_wrapper(
  File "/usr/local/lib/python3.10/dist-packages/telegram/request/_baserequest.py", line 381, in _request_wrapper
    raise Conflict(message)
telegram.error.Conflict: Conflict: terminated by other getUpdates request; make sure that only one bot instance is running

2025-04-18 19:03:34,216 - httpx - INFO - HTTP Request: POST https://api.telegram.org/bot7792142434:AAGGFqvjkU7b1V4MxYCAHx7jG_ROiDzCViY/getUpdates "HTTP/1.1 200 OK"
2025-04-18 19:03:34,218 - telegram.ext.Application - INFO - Application is stopping. This might take a moment.
2025-04-18 19:03:34,218 - apscheduler.scheduler - INFO - Scheduler has been shut down
2025-04-18 19:03:34,228 - telegram.ext.Application - INFO - Application.stop() complete
2025-04-18 19:03:34,230 - bot - INFO - Bot polling has stopped
2025-04-18 19:04:19,923 - __main__ - WARNING - تم اكتشاف توقف البوت. محاولة إعادة التشغيل 1/5...
2025-04-18 19:04:19,923 - bot - INFO - Starting bot polling...
2025-04-18 19:04:19,923 - bot - ERROR - Error in bot polling: There is no current event loop in thread 'Thread-3 (watchdog)'.
Traceback (most recent call last):
  File "/home/ubuntu/telegram_bot_analysis/extracted/clean_telegram_bot_solution/final_bot_with_readme/bot.py", line 161, in run
    self.application.run_polling(drop_pending_updates=True)
  File "/usr/local/lib/python3.10/dist-packages/telegram/ext/_application.py", line 818, in run_polling
    return self.__run(
  File "/usr/local/lib/python3.10/dist-packages/telegram/ext/_application.py", line 977, in __run
    loop = asyncio.get_event_loop()
  File "/usr/lib/python3.10/asyncio/events.py", line 656, in get_event_loop
    raise RuntimeError('There is no current event loop in thread %r.'
RuntimeError: There is no current event loop in thread 'Thread-3 (watchdog)'.
/home/ubuntu/telegram_bot_analysis/extracted/clean_telegram_bot_solution/final_bot_with_readme/bot.py:164: RuntimeWarning: coroutine 'Updater.start_polling' was never awaited
  self.is_running = False
RuntimeWarning: Enable tracemalloc to get the object allocation traceback
2025-04-18 19:04:19,926 - bot - INFO - Bot polling has stopped
2025-04-18 19:04:19,926 - __main__ - ERROR - فشلت محاولة إعادة تشغيل البوت
2025-04-18 19:04:20,003 - services.posting_service - INFO - Saved 0 active posting tasks to database
2025-04-18 19:04:20,003 - services.posting_service - INFO - Saved 0 active posting tasks
2025-04-18 19:04:20,003 - services.posting_service - INFO - Auto-saved active tasks
2025-04-18 19:04:34,286 - __main__ - INFO - البوت متوقف، watchdog سيقوم بإعادة التشغيل...
2025-04-18 19:05:19,986 - __main__ - WARNING - تم اكتشاف توقف البوت. محاولة إعادة التشغيل 2/5...
2025-04-18 19:05:19,987 - bot - INFO - Starting bot polling...
2025-04-18 19:05:19,987 - bot - ERROR - Error in bot polling: There is no current event loop in thread 'Thread-3 (watchdog)'.
Traceback (most recent call last):
  File "/home/ubuntu/telegram_bot_analysis/extracted/clean_telegram_bot_solution/final_bot_with_readme/bot.py", line 161, in run
    self.application.run_polling(drop_pending_updates=True)
  File "/usr/local/lib/python3.10/dist-packages/telegram/ext/_application.py", line 818, in run_polling
    return self.__run(
  File "/usr/local/lib/python3.10/dist-packages/telegram/ext/_application.py", line 977, in __run
    loop = asyncio.get_event_loop()
  File "/usr/lib/python3.10/asyncio/events.py", line 656, in get_event_loop
    raise RuntimeError('There is no current event loop in thread %r.'
RuntimeError: There is no current event loop in thread 'Thread-3 (watchdog)'.
2025-04-18 19:05:19,987 - bot - INFO - Bot polling has stopped
2025-04-18 19:05:19,987 - __main__ - ERROR - فشلت محاولة إعادة تشغيل البوت
2025-04-18 19:05:20,066 - services.posting_service - INFO - Saved 0 active posting tasks to database
2025-04-18 19:05:20,067 - services.posting_service - INFO - Saved 0 active posting tasks
2025-04-18 19:05:20,067 - services.posting_service - INFO - Auto-saved active tasks
2025-04-18 19:05:34,331 - __main__ - INFO - البوت متوقف، watchdog سيقوم بإعادة التشغيل...
2025-04-18 19:06:20,047 - __main__ - WARNING - تم اكتشاف توقف البوت. محاولة إعادة التشغيل 3/5...
2025-04-18 19:06:20,047 - bot - INFO - Starting bot polling...
2025-04-18 19:06:20,048 - bot - ERROR - Error in bot polling: There is no current event loop in thread 'Thread-3 (watchdog)'.
Traceback (most recent call last):
  File "/home/ubuntu/telegram_bot_analysis/extracted/clean_telegram_bot_solution/final_bot_with_readme/bot.py", line 161, in run
    self.application.run_polling(drop_pending_updates=True)
  File "/usr/local/lib/python3.10/dist-packages/telegram/ext/_application.py", line 818, in run_polling
    return self.__run(
  File "/usr/local/lib/python3.10/dist-packages/telegram/ext/_application.py", line 977, in __run
    loop = asyncio.get_event_loop()
  File "/usr/lib/python3.10/asyncio/events.py", line 656, in get_event_loop
    raise RuntimeError('There is no current event loop in thread %r.'
RuntimeError: There is no current event loop in thread 'Thread-3 (watchdog)'.
2025-04-18 19:06:20,048 - bot - INFO - Bot polling has stopped
2025-04-18 19:06:20,048 - __main__ - ERROR - فشلت محاولة إعادة تشغيل البوت
2025-04-18 19:06:20,129 - services.posting_service - INFO - Saved 0 active posting tasks to database
2025-04-18 19:06:20,129 - services.posting_service - INFO - Saved 0 active posting tasks
2025-04-18 19:06:20,130 - services.posting_service - INFO - Auto-saved active tasks
2025-04-18 19:06:34,391 - __main__ - INFO - البوت متوقف، watchdog سيقوم بإعادة التشغيل...
2025-04-18 19:07:20,080 - __main__ - WARNING - تم اكتشاف توقف البوت. محاولة إعادة التشغيل 4/5...
2025-04-18 19:07:20,080 - bot - INFO - Starting bot polling...
2025-04-18 19:07:20,080 - bot - ERROR - Error in bot polling: There is no current event loop in thread 'Thread-3 (watchdog)'.
Traceback (most recent call last):
  File "/home/ubuntu/telegram_bot_analysis/extracted/clean_telegram_bot_solution/final_bot_with_readme/bot.py", line 161, in run
    self.application.run_polling(drop_pending_updates=True)
  File "/usr/local/lib/python3.10/dist-packages/telegram/ext/_application.py", line 818, in run_polling
    return self.__run(
  File "/usr/local/lib/python3.10/dist-packages/telegram/ext/_application.py", line 977, in __run
    loop = asyncio.get_event_loop()
  File "/usr/lib/python3.10/asyncio/events.py", line 656, in get_event_loop
    raise RuntimeError('There is no current event loop in thread %r.'
RuntimeError: There is no current event loop in thread 'Thread-3 (watchdog)'.
2025-04-18 19:07:20,080 - bot - INFO - Bot polling has stopped
2025-04-18 19:07:20,080 - __main__ - ERROR - فشلت محاولة إعادة تشغيل البوت
2025-04-18 19:07:20,183 - services.posting_service - INFO - Saved 0 active posting tasks to database
2025-04-18 19:07:20,183 - services.posting_service - INFO - Saved 0 active posting tasks
2025-04-18 19:07:20,183 - services.posting_service - INFO - Auto-saved active tasks
2025-04-18 19:07:34,424 - __main__ - INFO - البوت متوقف، watchdog سيقوم بإعادة التشغيل...
2025-04-18 19:08:20,132 - __main__ - WARNING - تم اكتشاف توقف البوت. محاولة إعادة التشغيل 5/5...
2025-04-18 19:08:20,133 - bot - INFO - Starting bot polling...
2025-04-18 19:08:20,133 - bot - ERROR - Error in bot polling: There is no current event loop in thread 'Thread-3 (watchdog)'.
Traceback (most recent call last):
  File "/home/ubuntu/telegram_bot_analysis/extracted/clean_telegram_bot_solution/final_bot_with_readme/bot.py", line 161, in run
    self.application.run_polling(drop_pending_updates=True)
  File "/usr/local/lib/python3.10/dist-packages/telegram/ext/_application.py", line 818, in run_polling
    return self.__run(
  File "/usr/local/lib/python3.10/dist-packages/telegram/ext/_application.py", line 977, in __run
    loop = asyncio.get_event_loop()
  File "/usr/lib/python3.10/asyncio/events.py", line 656, in get_event_loop
    raise RuntimeError('There is no current event loop in thread %r.'
RuntimeError: There is no current event loop in thread 'Thread-3 (watchdog)'.
2025-04-18 19:08:20,133 - bot - INFO - Bot polling has stopped
2025-04-18 19:08:20,133 - __main__ - ERROR - فشلت محاولة إعادة تشغيل البوت
2025-04-18 19:08:20,133 - __main__ - ERROR - تم الوصول للحد الأقصى من محاولات إعادة التشغيل (5). انتظار 60 ثانية...
2025-04-18 19:08:20,234 - services.posting_service - INFO - Saved 0 active posting tasks to database
2025-04-18 19:08:20,234 - services.posting_service - INFO - Saved 0 active posting tasks
2025-04-18 19:08:20,234 - services.posting_service - INFO - Auto-saved active tasks
